..............................................                           [100%]
46 passed in 0.52s
Name                                          Stmts   Miss Branch BrPart  Cover   Missing
-----------------------------------------------------------------------------------------
src/main.py                                      73     19     20      1    76%   62-67, 82-84, 100, 113-121, 125
src/modules/fund_analysis/aggregation.py         25      2      8      2    88%   22, 31
src/modules/report_writer/interpretation.py      29      3     10      3    85%   50, 57, 61
src/modules/report_writer/writer.py             123     10     34      3    90%   202-208, 229-237, 408
src/modules/signal_service/scoring.py           113     17     54     10    79%   231, 239-243, 262->250, 287, 289, 293, 313-326, 331, 336, 346
src/providers/base.py                            18      6      0      0    67%   12, 15, 18, 21, 24, 31
src/providers/eastmoney.py                       81     15     14      5    77%   112, 130, 158, 160, 168-170, 173-174, 180-192
src/providers/factory.py                         17      3      6      1    74%   23-36
src/providers/mock.py                            48      1      4      1    96%   77
src/providers/provenance.py                      55      6     16      4    83%   110, 114, 142, 155-157
src/validation.py                                85     11     36     11    82%   37, 49, 57, 66, 91, 108, 135, 159, 164, 175, 177
-----------------------------------------------------------------------------------------
TOTAL                                           824     93    212     41    85%

13 files skipped due to complete coverage.
